{
  "stats": {
    "suites": 1,
    "tests": 1,
    "passes": 1,
    "pending": 0,
    "failures": 0,
    "start": "2022-06-19T07:52:46.356Z",
    "end": "2022-06-19T07:53:10.276Z",
    "duration": 23920,
    "testsRegistered": 1,
    "passPercent": 100,
    "pendingPercent": 0,
    "other": 0,
    "hasOther": false,
    "skipped": 0,
    "hasSkipped": false
  },
  "results": [
    {
      "uuid": "d7fbe48d-e18b-4276-9bd0-a54b31775d51",
      "title": "",
      "fullFile": "cypress/integration/loginApp.js",
      "file": "cypress/integration/loginApp.js",
      "beforeHooks": [],
      "afterHooks": [],
      "tests": [],
      "suites": [
        {
          "uuid": "a13593e0-2f4e-49e5-85d3-1b07565376b6",
          "title": "Test suite",
          "fullFile": "",
          "file": "",
          "beforeHooks": [],
          "afterHooks": [],
          "tests": [
            {
              "title": "Login",
              "fullTitle": "Test suite Login",
              "timedOut": null,
              "duration": 20033,
              "state": "passed",
              "speed": "slow",
              "pass": true,
              "fail": false,
              "pending": false,
              "context": null,
              "code": "var sum = 0;\nconst home = new _Home.default();\nconst product = new _Product.default();\nconst check = new _Checkout.default(); // cy.get('.btn1').should(\"be.visible\").click()\n// cy.get('#firstName').should(\"be.empty\").type(\"yasmin\")\n// cy.get('#lastName').should(\"be.empty\").type(\"ahmed\")\n// cy.get('#userEmail').should(\"be.empty\").type(\"yasminmohmd@gmail.com\")\n// cy.get('#userMobile').should(\"be.empty\").type(\"1122334455\")\n// cy.get('.custom-select').select(\"Student\")\n// cy.get(':nth-child(3) > .mt-3').click()\n// cy.get('#userPassword').should(\"be.empty\").type(\"2221997Mn$\")\n// cy.get('#confirmPassword').should(\"be.empty\").type(\"2221997Mn$\")\n// cy.get('.col-md-1').click()\n// cy.get('#login').should(\"be.visible\").click()\n// cy.get('.btn').should(\"be.visible\").click()\nhome.getemail().should(\"be.empty\").type(this.datadriven.email);\nhome.getpass().should(\"be.empty\").type(this.datadriven.pass);\nhome.getshopbutton().should(\"be.visible\").click(); // this.datadriven.product.forEach(function(element){\n//     cy.selectopt(element);\n// })\nproduct.getcart().click({\n  multiple: true\n});\nproduct.getcheckout().should(\"be.visible\").click();\nproduct.getprice().each(($el, index, $list) => {\n  const txt = $el.text();\n  let result = txt.split(\" \");\n  result = result[1].trim();\n  sum = sum + Number(result);\n}).then(function () {\n  cy.log(sum);\n});\nproduct.gettotalprice().then(function (ele) {\n  const message = ele.text();\n  let sp = message.replace(\"$\", \"\");\n  cy.log(sp);\n  expect(Number(sp)).to.eq(sum);\n});\nproduct.getfinalcheck().should(\"be.visible\").click();\ncy.wait(5000);\ncheck.getindia().type(this.datadriven.country, {\n  delay: 100\n});\ncheck.getclick().click();\ncheck.getzip().type(this.datadriven.cardnumber);\ncheck.getcopon().should(\"be.visible\").should(\"be.empty\").type(this.datadriven.copon);\ncheck.getcoponclick().click();\ncheck.getsubmit().click({\n  force: true\n});\ncy.wait(2000);\ncheck.getdownload().click();",
              "err": {},
              "uuid": "b00d756e-45e7-47fe-a3c0-a810ad0d3b55",
              "parentUUID": "a13593e0-2f4e-49e5-85d3-1b07565376b6",
              "isHook": false,
              "skipped": false
            }
          ],
          "suites": [],
          "passes": [
            "b00d756e-45e7-47fe-a3c0-a810ad0d3b55"
          ],
          "failures": [],
          "pending": [],
          "skipped": [],
          "duration": 20033,
          "root": false,
          "rootEmpty": false,
          "_timeout": 2000
        }
      ],
      "passes": [],
      "failures": [],
      "pending": [],
      "skipped": [],
      "duration": 0,
      "root": true,
      "rootEmpty": true,
      "_timeout": 2000
    }
  ],
  "meta": {
    "mocha": {
      "version": "7.0.1"
    },
    "mochawesome": {
      "options": {
        "quiet": false,
        "reportFilename": "mochawesome",
        "saveHtml": true,
        "saveJson": true,
        "consoleReporter": "spec",
        "useInlineDiffs": false,
        "code": true
      },
      "version": "7.1.3"
    },
    "marge": {
      "options": null,
      "version": "6.2.0"
    }
  }
}